{"/home/sagar/www/seat_algorithm/seat_planner_oop/Booking.js": {"path":"/home/sagar/www/seat_algorithm/seat_planner_oop/Booking.js","statementMap":{"0":{"start":{"line":3,"column":4},"end":{"line":3,"column":21}},"1":{"start":{"line":4,"column":4},"end":{"line":4,"column":21}},"2":{"start":{"line":5,"column":4},"end":{"line":5,"column":29}},"3":{"start":{"line":6,"column":4},"end":{"line":6,"column":41}}},"fnMap":{"0":{"name":"(anonymous_0)","decl":{"start":{"line":2,"column":2},"end":{"line":2,"column":3}},"loc":{"start":{"line":2,"column":63},"end":{"line":7,"column":3}},"line":2}},"branchMap":{"0":{"loc":{"start":{"line":2,"column":26},"end":{"line":2,"column":40}},"type":"default-arg","locations":[{"start":{"line":2,"column":37},"end":{"line":2,"column":40}}],"line":2},"1":{"loc":{"start":{"line":2,"column":42},"end":{"line":2,"column":61}},"type":"default-arg","locations":[{"start":{"line":2,"column":59},"end":{"line":2,"column":61}}],"line":2}},"s":{"0":11,"1":11,"2":11,"3":11},"f":{"0":11},"b":{"0":[0],"1":[11]},"_coverageSchema":"1a1c01bbd47fc00a2c39e90264f33305004495a9","hash":"347408e8cf6feedf04bc4e91a757cb7964a4935a"}
,"/home/sagar/www/seat_algorithm/seat_planner_oop/Seat.js": {"path":"/home/sagar/www/seat_algorithm/seat_planner_oop/Seat.js","statementMap":{"0":{"start":{"line":3,"column":4},"end":{"line":3,"column":36}},"1":{"start":{"line":4,"column":4},"end":{"line":4,"column":19}},"2":{"start":{"line":5,"column":4},"end":{"line":5,"column":25}},"3":{"start":{"line":6,"column":4},"end":{"line":6,"column":28}},"4":{"start":{"line":7,"column":4},"end":{"line":7,"column":26}},"5":{"start":{"line":8,"column":4},"end":{"line":8,"column":29}},"6":{"start":{"line":9,"column":4},"end":{"line":9,"column":26}},"7":{"start":{"line":13,"column":4},"end":{"line":16,"column":5}},"8":{"start":{"line":14,"column":6},"end":{"line":14,"column":29}},"9":{"start":{"line":15,"column":6},"end":{"line":15,"column":35}},"10":{"start":{"line":20,"column":4},"end":{"line":26,"column":5}},"11":{"start":{"line":21,"column":6},"end":{"line":21,"column":27}},"12":{"start":{"line":23,"column":6},"end":{"line":25,"column":8}},"13":{"start":{"line":30,"column":4},"end":{"line":30,"column":28}},"14":{"start":{"line":31,"column":4},"end":{"line":31,"column":26}}},"fnMap":{"0":{"name":"(anonymous_0)","decl":{"start":{"line":2,"column":2},"end":{"line":2,"column":3}},"loc":{"start":{"line":2,"column":43},"end":{"line":10,"column":3}},"line":2},"1":{"name":"(anonymous_1)","decl":{"start":{"line":12,"column":2},"end":{"line":12,"column":3}},"loc":{"start":{"line":12,"column":28},"end":{"line":17,"column":3}},"line":12},"2":{"name":"(anonymous_2)","decl":{"start":{"line":19,"column":2},"end":{"line":19,"column":3}},"loc":{"start":{"line":19,"column":15},"end":{"line":27,"column":3}},"line":19},"3":{"name":"(anonymous_3)","decl":{"start":{"line":29,"column":2},"end":{"line":29,"column":3}},"loc":{"start":{"line":29,"column":18},"end":{"line":32,"column":3}},"line":29}},"branchMap":{"0":{"loc":{"start":{"line":2,"column":27},"end":{"line":2,"column":41}},"type":"default-arg","locations":[{"start":{"line":2,"column":38},"end":{"line":2,"column":41}}],"line":2},"1":{"loc":{"start":{"line":13,"column":4},"end":{"line":16,"column":5}},"type":"if","locations":[{"start":{"line":13,"column":4},"end":{"line":16,"column":5}},{"start":{},"end":{}}],"line":13},"2":{"loc":{"start":{"line":20,"column":4},"end":{"line":26,"column":5}},"type":"if","locations":[{"start":{"line":20,"column":4},"end":{"line":26,"column":5}},{"start":{"line":22,"column":11},"end":{"line":26,"column":5}}],"line":20}},"s":{"0":357,"1":357,"2":357,"3":357,"4":357,"5":357,"6":357,"7":8,"8":8,"9":8,"10":7,"11":6,"12":1,"13":3,"14":3},"f":{"0":357,"1":8,"2":7,"3":3},"b":{"0":[1],"1":[8,0],"2":[6,1]},"_coverageSchema":"1a1c01bbd47fc00a2c39e90264f33305004495a9","hash":"dd10da55f15556ff56530be52a872bd57792a354"}
,"/home/sagar/www/seat_algorithm/seat_planner_oop/Seat_Helper.js": {"path":"/home/sagar/www/seat_algorithm/seat_planner_oop/Seat_Helper.js","statementMap":{"0":{"start":{"line":6,"column":4},"end":{"line":6,"column":52}},"1":{"start":{"line":7,"column":4},"end":{"line":7,"column":18}},"2":{"start":{"line":8,"column":4},"end":{"line":8,"column":42}},"3":{"start":{"line":9,"column":4},"end":{"line":9,"column":23}},"4":{"start":{"line":13,"column":21},"end":{"line":13,"column":23}},"5":{"start":{"line":15,"column":4},"end":{"line":33,"column":5}},"6":{"start":{"line":15,"column":17},"end":{"line":15,"column":18}},"7":{"start":{"line":16,"column":23},"end":{"line":16,"column":35}},"8":{"start":{"line":17,"column":22},"end":{"line":17,"column":24}},"9":{"start":{"line":19,"column":6},"end":{"line":30,"column":7}},"10":{"start":{"line":19,"column":19},"end":{"line":19,"column":20}},"11":{"start":{"line":20,"column":29},"end":{"line":20,"column":34}},"12":{"start":{"line":21,"column":23},"end":{"line":21,"column":26}},"13":{"start":{"line":23,"column":8},"end":{"line":26,"column":9}},"14":{"start":{"line":24,"column":28},"end":{"line":24,"column":63}},"15":{"start":{"line":25,"column":10},"end":{"line":25,"column":49}},"16":{"start":{"line":28,"column":21},"end":{"line":28,"column":63}},"17":{"start":{"line":29,"column":8},"end":{"line":29,"column":27}},"18":{"start":{"line":32,"column":6},"end":{"line":32,"column":29}},"19":{"start":{"line":35,"column":4},"end":{"line":35,"column":20}},"20":{"start":{"line":39,"column":4},"end":{"line":39,"column":25}},"21":{"start":{"line":43,"column":22},"end":{"line":43,"column":40}},"22":{"start":{"line":44,"column":22},"end":{"line":44,"column":43}},"23":{"start":{"line":45,"column":17},"end":{"line":45,"column":18}},"24":{"start":{"line":47,"column":4},"end":{"line":56,"column":5}},"25":{"start":{"line":48,"column":18},"end":{"line":48,"column":55}},"26":{"start":{"line":49,"column":18},"end":{"line":49,"column":55}},"27":{"start":{"line":50,"column":19},"end":{"line":50,"column":40}},"28":{"start":{"line":52,"column":6},"end":{"line":55,"column":7}},"29":{"start":{"line":53,"column":8},"end":{"line":53,"column":26}},"30":{"start":{"line":54,"column":8},"end":{"line":54,"column":17}},"31":{"start":{"line":57,"column":4},"end":{"line":57,"column":23}},"32":{"start":{"line":61,"column":21},"end":{"line":61,"column":23}},"33":{"start":{"line":62,"column":23},"end":{"line":62,"column":24}},"34":{"start":{"line":63,"column":23},"end":{"line":63,"column":24}},"35":{"start":{"line":65,"column":17},"end":{"line":65,"column":18}},"36":{"start":{"line":66,"column":18},"end":{"line":66,"column":19}},"37":{"start":{"line":68,"column":4},"end":{"line":95,"column":5}},"38":{"start":{"line":69,"column":29},"end":{"line":69,"column":54}},"39":{"start":{"line":71,"column":28},"end":{"line":71,"column":30}},"40":{"start":{"line":72,"column":6},"end":{"line":72,"column":46}},"41":{"start":{"line":72,"column":22},"end":{"line":72,"column":46}},"42":{"start":{"line":73,"column":6},"end":{"line":73,"column":48}},"43":{"start":{"line":73,"column":23},"end":{"line":73,"column":48}},"44":{"start":{"line":74,"column":6},"end":{"line":74,"column":30}},"45":{"start":{"line":76,"column":23},"end":{"line":76,"column":60}},"46":{"start":{"line":79,"column":6},"end":{"line":83,"column":36}},"47":{"start":{"line":79,"column":28},"end":{"line":79,"column":75}},"48":{"start":{"line":80,"column":11},"end":{"line":83,"column":36}},"49":{"start":{"line":81,"column":8},"end":{"line":81,"column":56}},"50":{"start":{"line":82,"column":11},"end":{"line":83,"column":36}},"51":{"start":{"line":82,"column":33},"end":{"line":82,"column":72}},"52":{"start":{"line":83,"column":11},"end":{"line":83,"column":36}},"53":{"start":{"line":85,"column":6},"end":{"line":85,"column":32}},"54":{"start":{"line":85,"column":23},"end":{"line":85,"column":32}},"55":{"start":{"line":87,"column":19},"end":{"line":87,"column":48}},"56":{"start":{"line":89,"column":6},"end":{"line":89,"column":71}},"57":{"start":{"line":91,"column":6},"end":{"line":91,"column":27}},"58":{"start":{"line":93,"column":6},"end":{"line":93,"column":43}},"59":{"start":{"line":93,"column":28},"end":{"line":93,"column":43}},"60":{"start":{"line":94,"column":6},"end":{"line":94,"column":45}},"61":{"start":{"line":94,"column":29},"end":{"line":94,"column":45}},"62":{"start":{"line":97,"column":4},"end":{"line":97,"column":20}},"63":{"start":{"line":101,"column":4},"end":{"line":101,"column":59}},"64":{"start":{"line":105,"column":4},"end":{"line":105,"column":61}},"65":{"start":{"line":109,"column":4},"end":{"line":109,"column":70}},"66":{"start":{"line":113,"column":4},"end":{"line":113,"column":71}},"67":{"start":{"line":113,"column":40},"end":{"line":113,"column":69}},"68":{"start":{"line":117,"column":4},"end":{"line":117,"column":71}},"69":{"start":{"line":117,"column":40},"end":{"line":117,"column":69}},"70":{"start":{"line":121,"column":29},"end":{"line":121,"column":76}},"71":{"start":{"line":122,"column":25},"end":{"line":122,"column":72}},"72":{"start":{"line":122,"column":59},"end":{"line":122,"column":71}},"73":{"start":{"line":123,"column":4},"end":{"line":123,"column":61}},"74":{"start":{"line":123,"column":46},"end":{"line":123,"column":56}},"75":{"start":{"line":127,"column":29},"end":{"line":127,"column":76}},"76":{"start":{"line":128,"column":4},"end":{"line":128,"column":53}},"77":{"start":{"line":128,"column":36},"end":{"line":128,"column":51}},"78":{"start":{"line":129,"column":4},"end":{"line":129,"column":28}},"79":{"start":{"line":133,"column":4},"end":{"line":133,"column":58}},"80":{"start":{"line":133,"column":41},"end":{"line":133,"column":56}},"81":{"start":{"line":137,"column":4},"end":{"line":137,"column":59}},"82":{"start":{"line":137,"column":41},"end":{"line":137,"column":57}},"83":{"start":{"line":141,"column":4},"end":{"line":141,"column":56}},"84":{"start":{"line":141,"column":41},"end":{"line":141,"column":54}},"85":{"start":{"line":145,"column":4},"end":{"line":145,"column":57}},"86":{"start":{"line":145,"column":41},"end":{"line":145,"column":55}},"87":{"start":{"line":149,"column":4},"end":{"line":149,"column":47}},"88":{"start":{"line":153,"column":4},"end":{"line":153,"column":36}},"89":{"start":{"line":157,"column":4},"end":{"line":174,"column":5}},"90":{"start":{"line":157,"column":17},"end":{"line":157,"column":18}},"91":{"start":{"line":158,"column":24},"end":{"line":158,"column":25}},"92":{"start":{"line":159,"column":6},"end":{"line":173,"column":7}},"93":{"start":{"line":159,"column":19},"end":{"line":159,"column":20}},"94":{"start":{"line":160,"column":8},"end":{"line":172,"column":9}},"95":{"start":{"line":161,"column":10},"end":{"line":161,"column":24}},"96":{"start":{"line":162,"column":10},"end":{"line":169,"column":11}},"97":{"start":{"line":163,"column":31},"end":{"line":163,"column":49}},"98":{"start":{"line":164,"column":12},"end":{"line":168,"column":14}},"99":{"start":{"line":171,"column":10},"end":{"line":171,"column":26}},"100":{"start":{"line":175,"column":4},"end":{"line":175,"column":16}},"101":{"start":{"line":179,"column":4},"end":{"line":196,"column":5}},"102":{"start":{"line":179,"column":17},"end":{"line":179,"column":28}},"103":{"start":{"line":180,"column":24},"end":{"line":180,"column":25}},"104":{"start":{"line":181,"column":6},"end":{"line":195,"column":7}},"105":{"start":{"line":181,"column":19},"end":{"line":181,"column":20}},"106":{"start":{"line":182,"column":8},"end":{"line":194,"column":9}},"107":{"start":{"line":183,"column":10},"end":{"line":183,"column":24}},"108":{"start":{"line":184,"column":10},"end":{"line":191,"column":11}},"109":{"start":{"line":185,"column":31},"end":{"line":185,"column":49}},"110":{"start":{"line":186,"column":12},"end":{"line":190,"column":14}},"111":{"start":{"line":193,"column":10},"end":{"line":193,"column":26}},"112":{"start":{"line":197,"column":4},"end":{"line":197,"column":16}},"113":{"start":{"line":201,"column":25},"end":{"line":201,"column":26}},"114":{"start":{"line":202,"column":4},"end":{"line":214,"column":5}},"115":{"start":{"line":202,"column":17},"end":{"line":202,"column":18}},"116":{"start":{"line":203,"column":31},"end":{"line":203,"column":32}},"117":{"start":{"line":204,"column":6},"end":{"line":213,"column":7}},"118":{"start":{"line":204,"column":19},"end":{"line":204,"column":20}},"119":{"start":{"line":205,"column":8},"end":{"line":212,"column":9}},"120":{"start":{"line":206,"column":10},"end":{"line":206,"column":31}},"121":{"start":{"line":207,"column":10},"end":{"line":209,"column":11}},"122":{"start":{"line":208,"column":12},"end":{"line":208,"column":48}},"123":{"start":{"line":211,"column":10},"end":{"line":211,"column":33}},"124":{"start":{"line":215,"column":4},"end":{"line":215,"column":26}},"125":{"start":{"line":219,"column":19},"end":{"line":219,"column":39}},"126":{"start":{"line":220,"column":18},"end":{"line":220,"column":27}},"127":{"start":{"line":222,"column":4},"end":{"line":229,"column":5}},"128":{"start":{"line":223,"column":24},"end":{"line":223,"column":68}},"129":{"start":{"line":224,"column":25},"end":{"line":227,"column":7}},"130":{"start":{"line":228,"column":6},"end":{"line":228,"column":49}},"131":{"start":{"line":231,"column":4},"end":{"line":231,"column":18}},"132":{"start":{"line":235,"column":4},"end":{"line":241,"column":5}},"133":{"start":{"line":236,"column":6},"end":{"line":240,"column":7}},"134":{"start":{"line":237,"column":8},"end":{"line":239,"column":9}},"135":{"start":{"line":238,"column":10},"end":{"line":238,"column":31}},"136":{"start":{"line":242,"column":4},"end":{"line":242,"column":17}},"137":{"start":{"line":246,"column":18},"end":{"line":246,"column":22}},"138":{"start":{"line":247,"column":19},"end":{"line":247,"column":23}},"139":{"start":{"line":249,"column":4},"end":{"line":254,"column":5}},"140":{"start":{"line":250,"column":6},"end":{"line":253,"column":7}},"141":{"start":{"line":251,"column":8},"end":{"line":251,"column":54}},"142":{"start":{"line":251,"column":39},"end":{"line":251,"column":54}},"143":{"start":{"line":252,"column":8},"end":{"line":252,"column":56}},"144":{"start":{"line":252,"column":40},"end":{"line":252,"column":56}},"145":{"start":{"line":256,"column":4},"end":{"line":259,"column":5}},"146":{"start":{"line":257,"column":6},"end":{"line":257,"column":55}},"147":{"start":{"line":258,"column":6},"end":{"line":258,"column":13}},"148":{"start":{"line":261,"column":24},"end":{"line":261,"column":38}},"149":{"start":{"line":262,"column":4},"end":{"line":262,"column":30}},"150":{"start":{"line":264,"column":4},"end":{"line":268,"column":5}},"151":{"start":{"line":265,"column":19},"end":{"line":265,"column":31}},"152":{"start":{"line":266,"column":6},"end":{"line":266,"column":35}},"153":{"start":{"line":267,"column":6},"end":{"line":267,"column":27}}},"fnMap":{"0":{"name":"(anonymous_0)","decl":{"start":{"line":5,"column":2},"end":{"line":5,"column":3}},"loc":{"start":{"line":5,"column":16},"end":{"line":10,"column":3}},"line":5},"1":{"name":"(anonymous_1)","decl":{"start":{"line":12,"column":2},"end":{"line":12,"column":3}},"loc":{"start":{"line":12,"column":26},"end":{"line":36,"column":3}},"line":12},"2":{"name":"(anonymous_2)","decl":{"start":{"line":38,"column":2},"end":{"line":38,"column":3}},"loc":{"start":{"line":38,"column":16},"end":{"line":40,"column":3}},"line":38},"3":{"name":"(anonymous_3)","decl":{"start":{"line":42,"column":2},"end":{"line":42,"column":3}},"loc":{"start":{"line":42,"column":48},"end":{"line":58,"column":3}},"line":42},"4":{"name":"(anonymous_4)","decl":{"start":{"line":60,"column":2},"end":{"line":60,"column":3}},"loc":{"start":{"line":60,"column":37},"end":{"line":98,"column":3}},"line":60},"5":{"name":"(anonymous_5)","decl":{"start":{"line":100,"column":2},"end":{"line":100,"column":3}},"loc":{"start":{"line":100,"column":27},"end":{"line":102,"column":3}},"line":100},"6":{"name":"(anonymous_6)","decl":{"start":{"line":104,"column":2},"end":{"line":104,"column":3}},"loc":{"start":{"line":104,"column":25},"end":{"line":106,"column":3}},"line":104},"7":{"name":"(anonymous_7)","decl":{"start":{"line":108,"column":2},"end":{"line":108,"column":3}},"loc":{"start":{"line":108,"column":41},"end":{"line":110,"column":3}},"line":108},"8":{"name":"(anonymous_8)","decl":{"start":{"line":112,"column":2},"end":{"line":112,"column":3}},"loc":{"start":{"line":112,"column":40},"end":{"line":114,"column":3}},"line":112},"9":{"name":"(anonymous_9)","decl":{"start":{"line":113,"column":27},"end":{"line":113,"column":28}},"loc":{"start":{"line":113,"column":40},"end":{"line":113,"column":69}},"line":113},"10":{"name":"(anonymous_10)","decl":{"start":{"line":116,"column":2},"end":{"line":116,"column":3}},"loc":{"start":{"line":116,"column":45},"end":{"line":118,"column":3}},"line":116},"11":{"name":"(anonymous_11)","decl":{"start":{"line":117,"column":27},"end":{"line":117,"column":28}},"loc":{"start":{"line":117,"column":40},"end":{"line":117,"column":69}},"line":117},"12":{"name":"(anonymous_12)","decl":{"start":{"line":120,"column":2},"end":{"line":120,"column":3}},"loc":{"start":{"line":120,"column":53},"end":{"line":124,"column":3}},"line":120},"13":{"name":"(anonymous_13)","decl":{"start":{"line":122,"column":46},"end":{"line":122,"column":47}},"loc":{"start":{"line":122,"column":59},"end":{"line":122,"column":71}},"line":122},"14":{"name":"(anonymous_14)","decl":{"start":{"line":123,"column":31},"end":{"line":123,"column":32}},"loc":{"start":{"line":123,"column":46},"end":{"line":123,"column":56}},"line":123},"15":{"name":"(anonymous_15)","decl":{"start":{"line":126,"column":2},"end":{"line":126,"column":3}},"loc":{"start":{"line":126,"column":67},"end":{"line":130,"column":3}},"line":126},"16":{"name":"(anonymous_16)","decl":{"start":{"line":128,"column":26},"end":{"line":128,"column":27}},"loc":{"start":{"line":128,"column":36},"end":{"line":128,"column":51}},"line":128},"17":{"name":"(anonymous_17)","decl":{"start":{"line":132,"column":2},"end":{"line":132,"column":3}},"loc":{"start":{"line":132,"column":26},"end":{"line":134,"column":3}},"line":132},"18":{"name":"(anonymous_18)","decl":{"start":{"line":133,"column":31},"end":{"line":133,"column":32}},"loc":{"start":{"line":133,"column":41},"end":{"line":133,"column":56}},"line":133},"19":{"name":"(anonymous_19)","decl":{"start":{"line":136,"column":2},"end":{"line":136,"column":3}},"loc":{"start":{"line":136,"column":28},"end":{"line":138,"column":3}},"line":136},"20":{"name":"(anonymous_20)","decl":{"start":{"line":137,"column":31},"end":{"line":137,"column":32}},"loc":{"start":{"line":137,"column":41},"end":{"line":137,"column":57}},"line":137},"21":{"name":"(anonymous_21)","decl":{"start":{"line":140,"column":2},"end":{"line":140,"column":3}},"loc":{"start":{"line":140,"column":24},"end":{"line":142,"column":3}},"line":140},"22":{"name":"(anonymous_22)","decl":{"start":{"line":141,"column":31},"end":{"line":141,"column":32}},"loc":{"start":{"line":141,"column":41},"end":{"line":141,"column":54}},"line":141},"23":{"name":"(anonymous_23)","decl":{"start":{"line":144,"column":2},"end":{"line":144,"column":3}},"loc":{"start":{"line":144,"column":26},"end":{"line":146,"column":3}},"line":144},"24":{"name":"(anonymous_24)","decl":{"start":{"line":145,"column":31},"end":{"line":145,"column":32}},"loc":{"start":{"line":145,"column":41},"end":{"line":145,"column":55}},"line":145},"25":{"name":"(anonymous_25)","decl":{"start":{"line":148,"column":2},"end":{"line":148,"column":3}},"loc":{"start":{"line":148,"column":24},"end":{"line":150,"column":3}},"line":148},"26":{"name":"(anonymous_26)","decl":{"start":{"line":152,"column":2},"end":{"line":152,"column":3}},"loc":{"start":{"line":152,"column":31},"end":{"line":154,"column":3}},"line":152},"27":{"name":"(anonymous_27)","decl":{"start":{"line":156,"column":2},"end":{"line":156,"column":3}},"loc":{"start":{"line":156,"column":54},"end":{"line":176,"column":3}},"line":156},"28":{"name":"(anonymous_28)","decl":{"start":{"line":178,"column":2},"end":{"line":178,"column":3}},"loc":{"start":{"line":178,"column":79},"end":{"line":198,"column":3}},"line":178},"29":{"name":"(anonymous_29)","decl":{"start":{"line":200,"column":2},"end":{"line":200,"column":3}},"loc":{"start":{"line":200,"column":32},"end":{"line":216,"column":3}},"line":200},"30":{"name":"(anonymous_30)","decl":{"start":{"line":218,"column":2},"end":{"line":218,"column":3}},"loc":{"start":{"line":218,"column":63},"end":{"line":232,"column":3}},"line":218},"31":{"name":"(anonymous_31)","decl":{"start":{"line":234,"column":2},"end":{"line":234,"column":3}},"loc":{"start":{"line":234,"column":36},"end":{"line":243,"column":3}},"line":234},"32":{"name":"(anonymous_32)","decl":{"start":{"line":245,"column":2},"end":{"line":245,"column":3}},"loc":{"start":{"line":245,"column":42},"end":{"line":269,"column":3}},"line":245}},"branchMap":{"0":{"loc":{"start":{"line":23,"column":8},"end":{"line":26,"column":9}},"type":"if","locations":[{"start":{"line":23,"column":8},"end":{"line":26,"column":9}},{"start":{},"end":{}}],"line":23},"1":{"loc":{"start":{"line":25,"column":21},"end":{"line":25,"column":48}},"type":"cond-expr","locations":[{"start":{"line":25,"column":38},"end":{"line":25,"column":42}},{"start":{"line":25,"column":45},"end":{"line":25,"column":48}}],"line":25},"2":{"loc":{"start":{"line":42,"column":37},"end":{"line":42,"column":46}},"type":"default-arg","locations":[{"start":{"line":42,"column":45},"end":{"line":42,"column":46}}],"line":42},"3":{"loc":{"start":{"line":52,"column":6},"end":{"line":55,"column":7}},"type":"if","locations":[{"start":{"line":52,"column":6},"end":{"line":55,"column":7}},{"start":{},"end":{}}],"line":52},"4":{"loc":{"start":{"line":52,"column":10},"end":{"line":52,"column":44}},"type":"binary-expr","locations":[{"start":{"line":52,"column":10},"end":{"line":52,"column":26}},{"start":{"line":52,"column":30},"end":{"line":52,"column":44}}],"line":52},"5":{"loc":{"start":{"line":72,"column":6},"end":{"line":72,"column":46}},"type":"if","locations":[{"start":{"line":72,"column":6},"end":{"line":72,"column":46}},{"start":{},"end":{}}],"line":72},"6":{"loc":{"start":{"line":73,"column":6},"end":{"line":73,"column":48}},"type":"if","locations":[{"start":{"line":73,"column":6},"end":{"line":73,"column":48}},{"start":{},"end":{}}],"line":73},"7":{"loc":{"start":{"line":79,"column":6},"end":{"line":83,"column":36}},"type":"if","locations":[{"start":{"line":79,"column":6},"end":{"line":83,"column":36}},{"start":{"line":80,"column":11},"end":{"line":83,"column":36}}],"line":79},"8":{"loc":{"start":{"line":80,"column":11},"end":{"line":83,"column":36}},"type":"if","locations":[{"start":{"line":80,"column":11},"end":{"line":83,"column":36}},{"start":{"line":82,"column":11},"end":{"line":83,"column":36}}],"line":80},"9":{"loc":{"start":{"line":82,"column":11},"end":{"line":83,"column":36}},"type":"if","locations":[{"start":{"line":82,"column":11},"end":{"line":83,"column":36}},{"start":{"line":83,"column":11},"end":{"line":83,"column":36}}],"line":82},"10":{"loc":{"start":{"line":85,"column":6},"end":{"line":85,"column":32}},"type":"if","locations":[{"start":{"line":85,"column":6},"end":{"line":85,"column":32}},{"start":{},"end":{}}],"line":85},"11":{"loc":{"start":{"line":93,"column":6},"end":{"line":93,"column":43}},"type":"if","locations":[{"start":{"line":93,"column":6},"end":{"line":93,"column":43}},{"start":{},"end":{}}],"line":93},"12":{"loc":{"start":{"line":94,"column":6},"end":{"line":94,"column":45}},"type":"if","locations":[{"start":{"line":94,"column":6},"end":{"line":94,"column":45}},{"start":{},"end":{}}],"line":94},"13":{"loc":{"start":{"line":160,"column":8},"end":{"line":172,"column":9}},"type":"if","locations":[{"start":{"line":160,"column":8},"end":{"line":172,"column":9}},{"start":{"line":170,"column":15},"end":{"line":172,"column":9}}],"line":160},"14":{"loc":{"start":{"line":160,"column":12},"end":{"line":160,"column":60}},"type":"binary-expr","locations":[{"start":{"line":160,"column":12},"end":{"line":160,"column":35}},{"start":{"line":160,"column":39},"end":{"line":160,"column":60}}],"line":160},"15":{"loc":{"start":{"line":162,"column":10},"end":{"line":169,"column":11}},"type":"if","locations":[{"start":{"line":162,"column":10},"end":{"line":169,"column":11}},{"start":{},"end":{}}],"line":162},"16":{"loc":{"start":{"line":178,"column":62},"end":{"line":178,"column":77}},"type":"default-arg","locations":[{"start":{"line":178,"column":76},"end":{"line":178,"column":77}}],"line":178},"17":{"loc":{"start":{"line":182,"column":8},"end":{"line":194,"column":9}},"type":"if","locations":[{"start":{"line":182,"column":8},"end":{"line":194,"column":9}},{"start":{"line":192,"column":15},"end":{"line":194,"column":9}}],"line":182},"18":{"loc":{"start":{"line":182,"column":12},"end":{"line":182,"column":60}},"type":"binary-expr","locations":[{"start":{"line":182,"column":12},"end":{"line":182,"column":35}},{"start":{"line":182,"column":39},"end":{"line":182,"column":60}}],"line":182},"19":{"loc":{"start":{"line":184,"column":10},"end":{"line":191,"column":11}},"type":"if","locations":[{"start":{"line":184,"column":10},"end":{"line":191,"column":11}},{"start":{},"end":{}}],"line":184},"20":{"loc":{"start":{"line":205,"column":8},"end":{"line":212,"column":9}},"type":"if","locations":[{"start":{"line":205,"column":8},"end":{"line":212,"column":9}},{"start":{"line":210,"column":15},"end":{"line":212,"column":9}}],"line":205},"21":{"loc":{"start":{"line":205,"column":12},"end":{"line":205,"column":60}},"type":"binary-expr","locations":[{"start":{"line":205,"column":12},"end":{"line":205,"column":35}},{"start":{"line":205,"column":39},"end":{"line":205,"column":60}}],"line":205},"22":{"loc":{"start":{"line":207,"column":10},"end":{"line":209,"column":11}},"type":"if","locations":[{"start":{"line":207,"column":10},"end":{"line":209,"column":11}},{"start":{},"end":{}}],"line":207},"23":{"loc":{"start":{"line":222,"column":4},"end":{"line":229,"column":5}},"type":"if","locations":[{"start":{"line":222,"column":4},"end":{"line":229,"column":5}},{"start":{},"end":{}}],"line":222},"24":{"loc":{"start":{"line":222,"column":8},"end":{"line":222,"column":54}},"type":"binary-expr","locations":[{"start":{"line":222,"column":8},"end":{"line":222,"column":13}},{"start":{"line":222,"column":17},"end":{"line":222,"column":54}}],"line":222},"25":{"loc":{"start":{"line":237,"column":8},"end":{"line":239,"column":9}},"type":"if","locations":[{"start":{"line":237,"column":8},"end":{"line":239,"column":9}},{"start":{},"end":{}}],"line":237},"26":{"loc":{"start":{"line":251,"column":8},"end":{"line":251,"column":54}},"type":"if","locations":[{"start":{"line":251,"column":8},"end":{"line":251,"column":54}},{"start":{},"end":{}}],"line":251},"27":{"loc":{"start":{"line":252,"column":8},"end":{"line":252,"column":56}},"type":"if","locations":[{"start":{"line":252,"column":8},"end":{"line":252,"column":56}},{"start":{},"end":{}}],"line":252},"28":{"loc":{"start":{"line":256,"column":4},"end":{"line":259,"column":5}},"type":"if","locations":[{"start":{"line":256,"column":4},"end":{"line":259,"column":5}},{"start":{},"end":{}}],"line":256},"29":{"loc":{"start":{"line":256,"column":8},"end":{"line":256,"column":29}},"type":"binary-expr","locations":[{"start":{"line":256,"column":8},"end":{"line":256,"column":16}},{"start":{"line":256,"column":20},"end":{"line":256,"column":29}}],"line":256}},"s":{"0":9,"1":9,"2":9,"3":9,"4":5,"5":5,"6":5,"7":35,"8":35,"9":35,"10":35,"11":350,"12":350,"13":350,"14":50,"15":50,"16":350,"17":350,"18":35,"19":5,"20":0,"21":1,"22":1,"23":1,"24":1,"25":5,"26":5,"27":5,"28":5,"29":5,"30":5,"31":1,"32":1,"33":1,"34":1,"35":1,"36":1,"37":1,"38":7,"39":7,"40":7,"41":7,"42":7,"43":4,"44":7,"45":7,"46":7,"47":3,"48":4,"49":1,"50":3,"51":3,"52":0,"53":7,"54":0,"55":7,"56":7,"57":7,"58":7,"59":3,"60":7,"61":1,"62":1,"63":7,"64":7,"65":0,"66":0,"67":0,"68":2,"69":6,"70":0,"71":0,"72":0,"73":0,"74":0,"75":0,"76":0,"77":0,"78":0,"79":0,"80":0,"81":0,"82":0,"83":1,"84":70,"85":0,"86":0,"87":1,"88":1,"89":0,"90":0,"91":0,"92":0,"93":0,"94":0,"95":0,"96":0,"97":0,"98":0,"99":0,"100":0,"101":0,"102":0,"103":0,"104":0,"105":0,"106":0,"107":0,"108":0,"109":0,"110":0,"111":0,"112":0,"113":1,"114":1,"115":1,"116":7,"117":7,"118":7,"119":70,"120":69,"121":69,"122":10,"123":1,"124":1,"125":1,"126":1,"127":1,"128":1,"129":1,"130":1,"131":1,"132":1,"133":7,"134":70,"135":2,"136":1,"137":1,"138":1,"139":1,"140":7,"141":70,"142":1,"143":70,"144":1,"145":1,"146":0,"147":0,"148":1,"149":1,"150":1,"151":6,"152":6,"153":6},"f":{"0":9,"1":5,"2":0,"3":1,"4":1,"5":7,"6":7,"7":0,"8":0,"9":0,"10":2,"11":6,"12":0,"13":0,"14":0,"15":0,"16":0,"17":0,"18":0,"19":0,"20":0,"21":1,"22":70,"23":0,"24":0,"25":1,"26":1,"27":0,"28":0,"29":1,"30":1,"31":1,"32":1},"b":{"0":[50,300],"1":[15,35],"2":[0],"3":[5,0],"4":[5,5],"5":[7,0],"6":[4,3],"7":[3,4],"8":[1,3],"9":[3,0],"10":[0,7],"11":[3,4],"12":[1,6],"13":[0,0],"14":[0,0],"15":[0,0],"16":[0],"17":[0,0],"18":[0,0],"19":[0,0],"20":[69,1],"21":[70,69],"22":[10,59],"23":[1,0],"24":[1,1],"25":[2,68],"26":[1,69],"27":[1,69],"28":[0,1],"29":[1,1]},"_coverageSchema":"1a1c01bbd47fc00a2c39e90264f33305004495a9","hash":"a4578acb0269c85e914b6838902040ce1f1478e8"}
,"/home/sagar/www/seat_algorithm/seat_planner_oop/Seat_Planner.js": {"path":"/home/sagar/www/seat_algorithm/seat_planner_oop/Seat_Planner.js","statementMap":{"0":{"start":{"line":5,"column":4},"end":{"line":5,"column":33}},"1":{"start":{"line":6,"column":4},"end":{"line":6,"column":23}},"2":{"start":{"line":12,"column":4},"end":{"line":12,"column":29}},"3":{"start":{"line":16,"column":4},"end":{"line":20,"column":5}},"4":{"start":{"line":17,"column":6},"end":{"line":17,"column":43}},"5":{"start":{"line":19,"column":6},"end":{"line":19,"column":46}},"6":{"start":{"line":24,"column":22},"end":{"line":24,"column":39}},"7":{"start":{"line":25,"column":22},"end":{"line":25,"column":42}},"8":{"start":{"line":26,"column":17},"end":{"line":26,"column":18}},"9":{"start":{"line":28,"column":4},"end":{"line":39,"column":5}},"10":{"start":{"line":30,"column":18},"end":{"line":30,"column":65}},"11":{"start":{"line":31,"column":18},"end":{"line":31,"column":55}},"12":{"start":{"line":33,"column":19},"end":{"line":33,"column":39}},"13":{"start":{"line":35,"column":6},"end":{"line":38,"column":7}},"14":{"start":{"line":36,"column":8},"end":{"line":36,"column":26}},"15":{"start":{"line":37,"column":8},"end":{"line":37,"column":17}},"16":{"start":{"line":43,"column":19},"end":{"line":43,"column":20}},"17":{"start":{"line":44,"column":16},"end":{"line":44,"column":17}},"18":{"start":{"line":45,"column":4},"end":{"line":63,"column":5}},"19":{"start":{"line":46,"column":24},"end":{"line":46,"column":32}},"20":{"start":{"line":47,"column":6},"end":{"line":61,"column":7}},"21":{"start":{"line":47,"column":19},"end":{"line":47,"column":20}},"22":{"start":{"line":48,"column":8},"end":{"line":60,"column":9}},"23":{"start":{"line":53,"column":10},"end":{"line":53,"column":69}},"24":{"start":{"line":54,"column":10},"end":{"line":54,"column":24}},"25":{"start":{"line":56,"column":10},"end":{"line":58,"column":12}},"26":{"start":{"line":59,"column":10},"end":{"line":59,"column":16}},"27":{"start":{"line":62,"column":6},"end":{"line":62,"column":34}},"28":{"start":{"line":70,"column":19},"end":{"line":70,"column":32}},"29":{"start":{"line":71,"column":16},"end":{"line":71,"column":17}},"30":{"start":{"line":72,"column":4},"end":{"line":90,"column":5}},"31":{"start":{"line":73,"column":24},"end":{"line":73,"column":32}},"32":{"start":{"line":74,"column":6},"end":{"line":88,"column":7}},"33":{"start":{"line":74,"column":19},"end":{"line":74,"column":20}},"34":{"start":{"line":75,"column":8},"end":{"line":87,"column":9}},"35":{"start":{"line":80,"column":10},"end":{"line":80,"column":68}},"36":{"start":{"line":81,"column":10},"end":{"line":81,"column":24}},"37":{"start":{"line":83,"column":10},"end":{"line":85,"column":12}},"38":{"start":{"line":86,"column":10},"end":{"line":86,"column":16}},"39":{"start":{"line":89,"column":6},"end":{"line":89,"column":33}},"40":{"start":{"line":94,"column":4},"end":{"line":114,"column":5}},"41":{"start":{"line":96,"column":8},"end":{"line":96,"column":74}},"42":{"start":{"line":97,"column":32},"end":{"line":97,"column":69}},"43":{"start":{"line":98,"column":6},"end":{"line":107,"column":7}},"44":{"start":{"line":99,"column":8},"end":{"line":105,"column":10}},"45":{"start":{"line":106,"column":8},"end":{"line":106,"column":15}},"46":{"start":{"line":109,"column":8},"end":{"line":112,"column":9}},"47":{"start":{"line":113,"column":6},"end":{"line":113,"column":48}},"48":{"start":{"line":122,"column":36},"end":{"line":124,"column":5}},"49":{"start":{"line":125,"column":4},"end":{"line":127,"column":5}},"50":{"start":{"line":126,"column":6},"end":{"line":126,"column":13}},"51":{"start":{"line":128,"column":4},"end":{"line":142,"column":5}},"52":{"start":{"line":129,"column":21},"end":{"line":129,"column":57}},"53":{"start":{"line":131,"column":6},"end":{"line":141,"column":7}},"54":{"start":{"line":131,"column":19},"end":{"line":131,"column":20}},"55":{"start":{"line":132,"column":8},"end":{"line":140,"column":9}},"56":{"start":{"line":132,"column":21},"end":{"line":132,"column":22}},"57":{"start":{"line":133,"column":10},"end":{"line":139,"column":11}},"58":{"start":{"line":138,"column":12},"end":{"line":138,"column":56}},"59":{"start":{"line":146,"column":4},"end":{"line":170,"column":5}},"60":{"start":{"line":148,"column":8},"end":{"line":148,"column":75}},"61":{"start":{"line":150,"column":8},"end":{"line":150,"column":52}},"62":{"start":{"line":151,"column":6},"end":{"line":160,"column":7}},"63":{"start":{"line":152,"column":8},"end":{"line":158,"column":10}},"64":{"start":{"line":159,"column":8},"end":{"line":159,"column":15}},"65":{"start":{"line":162,"column":8},"end":{"line":165,"column":9}},"66":{"start":{"line":166,"column":6},"end":{"line":169,"column":8}},"67":{"start":{"line":173,"column":6},"end":{"line":176,"column":7}},"68":{"start":{"line":178,"column":25},"end":{"line":178,"column":30}},"69":{"start":{"line":179,"column":27},"end":{"line":179,"column":28}},"70":{"start":{"line":180,"column":4},"end":{"line":245,"column":5}},"71":{"start":{"line":181,"column":6},"end":{"line":244,"column":7}},"72":{"start":{"line":181,"column":19},"end":{"line":181,"column":20}},"73":{"start":{"line":182,"column":28},"end":{"line":182,"column":62}},"74":{"start":{"line":183,"column":40},"end":{"line":183,"column":44}},"75":{"start":{"line":184,"column":8},"end":{"line":206,"column":9}},"76":{"start":{"line":186,"column":12},"end":{"line":190,"column":13}},"77":{"start":{"line":191,"column":10},"end":{"line":199,"column":11}},"78":{"start":{"line":192,"column":12},"end":{"line":192,"column":72}},"79":{"start":{"line":194,"column":12},"end":{"line":198,"column":16}},"80":{"start":{"line":201,"column":10},"end":{"line":205,"column":14}},"81":{"start":{"line":208,"column":8},"end":{"line":220,"column":9}},"82":{"start":{"line":209,"column":10},"end":{"line":209,"column":45}},"83":{"start":{"line":211,"column":38},"end":{"line":213,"column":11}},"84":{"start":{"line":214,"column":10},"end":{"line":217,"column":12}},"85":{"start":{"line":218,"column":10},"end":{"line":218,"column":33}},"86":{"start":{"line":219,"column":10},"end":{"line":219,"column":16}},"87":{"start":{"line":222,"column":23},"end":{"line":222,"column":65}},"88":{"start":{"line":223,"column":20},"end":{"line":223,"column":59}},"89":{"start":{"line":224,"column":26},"end":{"line":224,"column":34}},"90":{"start":{"line":225,"column":8},"end":{"line":241,"column":9}},"91":{"start":{"line":225,"column":21},"end":{"line":225,"column":22}},"92":{"start":{"line":226,"column":10},"end":{"line":240,"column":11}},"93":{"start":{"line":231,"column":12},"end":{"line":233,"column":14}},"94":{"start":{"line":234,"column":12},"end":{"line":234,"column":26}},"95":{"start":{"line":236,"column":12},"end":{"line":238,"column":14}},"96":{"start":{"line":239,"column":12},"end":{"line":239,"column":18}},"97":{"start":{"line":242,"column":8},"end":{"line":242,"column":30}},"98":{"start":{"line":243,"column":8},"end":{"line":243,"column":67}},"99":{"start":{"line":249,"column":4},"end":{"line":254,"column":5}},"100":{"start":{"line":252,"column":6},"end":{"line":252,"column":30}},"101":{"start":{"line":253,"column":6},"end":{"line":253,"column":34}},"102":{"start":{"line":255,"column":4},"end":{"line":257,"column":5}},"103":{"start":{"line":256,"column":6},"end":{"line":256,"column":31}},"104":{"start":{"line":258,"column":4},"end":{"line":258,"column":33}},"105":{"start":{"line":262,"column":4},"end":{"line":262,"column":56}},"106":{"start":{"line":266,"column":4},"end":{"line":266,"column":58}},"107":{"start":{"line":270,"column":4},"end":{"line":270,"column":54}},"108":{"start":{"line":274,"column":4},"end":{"line":274,"column":56}}},"fnMap":{"0":{"name":"(anonymous_0)","decl":{"start":{"line":4,"column":2},"end":{"line":4,"column":3}},"loc":{"start":{"line":4,"column":43},"end":{"line":13,"column":3}},"line":4},"1":{"name":"(anonymous_1)","decl":{"start":{"line":15,"column":2},"end":{"line":15,"column":3}},"loc":{"start":{"line":15,"column":30},"end":{"line":21,"column":3}},"line":15},"2":{"name":"(anonymous_2)","decl":{"start":{"line":23,"column":2},"end":{"line":23,"column":3}},"loc":{"start":{"line":23,"column":33},"end":{"line":40,"column":3}},"line":23},"3":{"name":"(anonymous_3)","decl":{"start":{"line":42,"column":2},"end":{"line":42,"column":3}},"loc":{"start":{"line":42,"column":39},"end":{"line":64,"column":3}},"line":42},"4":{"name":"(anonymous_4)","decl":{"start":{"line":66,"column":2},"end":{"line":66,"column":3}},"loc":{"start":{"line":69,"column":4},"end":{"line":91,"column":3}},"line":69},"5":{"name":"(anonymous_5)","decl":{"start":{"line":93,"column":2},"end":{"line":93,"column":3}},"loc":{"start":{"line":93,"column":22},"end":{"line":115,"column":3}},"line":93},"6":{"name":"(anonymous_6)","decl":{"start":{"line":117,"column":2},"end":{"line":117,"column":3}},"loc":{"start":{"line":117,"column":25},"end":{"line":143,"column":3}},"line":117},"7":{"name":"(anonymous_7)","decl":{"start":{"line":145,"column":2},"end":{"line":145,"column":3}},"loc":{"start":{"line":145,"column":26},"end":{"line":246,"column":3}},"line":145},"8":{"name":"(anonymous_8)","decl":{"start":{"line":248,"column":2},"end":{"line":248,"column":3}},"loc":{"start":{"line":248,"column":17},"end":{"line":259,"column":3}},"line":248},"9":{"name":"(anonymous_9)","decl":{"start":{"line":261,"column":2},"end":{"line":261,"column":3}},"loc":{"start":{"line":261,"column":21},"end":{"line":263,"column":3}},"line":261},"10":{"name":"(anonymous_10)","decl":{"start":{"line":265,"column":2},"end":{"line":265,"column":3}},"loc":{"start":{"line":265,"column":23},"end":{"line":267,"column":3}},"line":265},"11":{"name":"(anonymous_11)","decl":{"start":{"line":269,"column":2},"end":{"line":269,"column":3}},"loc":{"start":{"line":269,"column":19},"end":{"line":271,"column":3}},"line":269},"12":{"name":"(anonymous_12)","decl":{"start":{"line":273,"column":2},"end":{"line":273,"column":3}},"loc":{"start":{"line":273,"column":21},"end":{"line":275,"column":3}},"line":273}},"branchMap":{"0":{"loc":{"start":{"line":16,"column":4},"end":{"line":20,"column":5}},"type":"if","locations":[{"start":{"line":16,"column":4},"end":{"line":20,"column":5}},{"start":{"line":18,"column":11},"end":{"line":20,"column":5}}],"line":16},"1":{"loc":{"start":{"line":16,"column":8},"end":{"line":16,"column":50}},"type":"binary-expr","locations":[{"start":{"line":16,"column":8},"end":{"line":16,"column":23}},{"start":{"line":16,"column":27},"end":{"line":16,"column":50}}],"line":16},"2":{"loc":{"start":{"line":35,"column":6},"end":{"line":38,"column":7}},"type":"if","locations":[{"start":{"line":35,"column":6},"end":{"line":38,"column":7}},{"start":{},"end":{}}],"line":35},"3":{"loc":{"start":{"line":35,"column":10},"end":{"line":35,"column":44}},"type":"binary-expr","locations":[{"start":{"line":35,"column":10},"end":{"line":35,"column":26}},{"start":{"line":35,"column":30},"end":{"line":35,"column":44}}],"line":35},"4":{"loc":{"start":{"line":48,"column":8},"end":{"line":60,"column":9}},"type":"if","locations":[{"start":{"line":48,"column":8},"end":{"line":60,"column":9}},{"start":{"line":55,"column":15},"end":{"line":60,"column":9}}],"line":48},"5":{"loc":{"start":{"line":49,"column":10},"end":{"line":51,"column":42}},"type":"binary-expr","locations":[{"start":{"line":49,"column":10},"end":{"line":49,"column":25}},{"start":{"line":50,"column":10},"end":{"line":50,"column":38}},{"start":{"line":51,"column":10},"end":{"line":51,"column":42}}],"line":49},"6":{"loc":{"start":{"line":68,"column":4},"end":{"line":68,"column":21}},"type":"default-arg","locations":[{"start":{"line":68,"column":20},"end":{"line":68,"column":21}}],"line":68},"7":{"loc":{"start":{"line":75,"column":8},"end":{"line":87,"column":9}},"type":"if","locations":[{"start":{"line":75,"column":8},"end":{"line":87,"column":9}},{"start":{"line":82,"column":15},"end":{"line":87,"column":9}}],"line":75},"8":{"loc":{"start":{"line":76,"column":10},"end":{"line":78,"column":41}},"type":"binary-expr","locations":[{"start":{"line":76,"column":10},"end":{"line":76,"column":25}},{"start":{"line":77,"column":10},"end":{"line":77,"column":38}},{"start":{"line":78,"column":10},"end":{"line":78,"column":41}}],"line":76},"9":{"loc":{"start":{"line":94,"column":4},"end":{"line":114,"column":5}},"type":"if","locations":[{"start":{"line":94,"column":4},"end":{"line":114,"column":5}},{"start":{},"end":{}}],"line":94},"10":{"loc":{"start":{"line":98,"column":6},"end":{"line":107,"column":7}},"type":"if","locations":[{"start":{"line":98,"column":6},"end":{"line":107,"column":7}},{"start":{},"end":{}}],"line":98},"11":{"loc":{"start":{"line":125,"column":4},"end":{"line":127,"column":5}},"type":"if","locations":[{"start":{"line":125,"column":4},"end":{"line":127,"column":5}},{"start":{},"end":{}}],"line":125},"12":{"loc":{"start":{"line":133,"column":10},"end":{"line":139,"column":11}},"type":"if","locations":[{"start":{"line":133,"column":10},"end":{"line":139,"column":11}},{"start":{},"end":{}}],"line":133},"13":{"loc":{"start":{"line":134,"column":12},"end":{"line":136,"column":38}},"type":"binary-expr","locations":[{"start":{"line":134,"column":12},"end":{"line":134,"column":46}},{"start":{"line":135,"column":12},"end":{"line":135,"column":40}},{"start":{"line":136,"column":12},"end":{"line":136,"column":38}}],"line":134},"14":{"loc":{"start":{"line":146,"column":4},"end":{"line":170,"column":5}},"type":"if","locations":[{"start":{"line":146,"column":4},"end":{"line":170,"column":5}},{"start":{},"end":{}}],"line":146},"15":{"loc":{"start":{"line":151,"column":6},"end":{"line":160,"column":7}},"type":"if","locations":[{"start":{"line":151,"column":6},"end":{"line":160,"column":7}},{"start":{},"end":{}}],"line":151},"16":{"loc":{"start":{"line":184,"column":8},"end":{"line":206,"column":9}},"type":"if","locations":[{"start":{"line":184,"column":8},"end":{"line":206,"column":9}},{"start":{"line":200,"column":15},"end":{"line":206,"column":9}}],"line":184},"17":{"loc":{"start":{"line":191,"column":10},"end":{"line":199,"column":11}},"type":"if","locations":[{"start":{"line":191,"column":10},"end":{"line":199,"column":11}},{"start":{"line":193,"column":17},"end":{"line":199,"column":11}}],"line":191},"18":{"loc":{"start":{"line":208,"column":8},"end":{"line":220,"column":9}},"type":"if","locations":[{"start":{"line":208,"column":8},"end":{"line":220,"column":9}},{"start":{},"end":{}}],"line":208},"19":{"loc":{"start":{"line":226,"column":10},"end":{"line":240,"column":11}},"type":"if","locations":[{"start":{"line":226,"column":10},"end":{"line":240,"column":11}},{"start":{"line":235,"column":17},"end":{"line":240,"column":11}}],"line":226},"20":{"loc":{"start":{"line":227,"column":12},"end":{"line":229,"column":58}},"type":"binary-expr","locations":[{"start":{"line":227,"column":12},"end":{"line":227,"column":27}},{"start":{"line":228,"column":12},"end":{"line":228,"column":40}},{"start":{"line":229,"column":12},"end":{"line":229,"column":58}}],"line":227},"21":{"loc":{"start":{"line":249,"column":4},"end":{"line":254,"column":5}},"type":"if","locations":[{"start":{"line":249,"column":4},"end":{"line":254,"column":5}},{"start":{},"end":{}}],"line":249},"22":{"loc":{"start":{"line":255,"column":4},"end":{"line":257,"column":5}},"type":"if","locations":[{"start":{"line":255,"column":4},"end":{"line":257,"column":5}},{"start":{},"end":{}}],"line":255}},"s":{"0":6,"1":6,"2":6,"3":1,"4":1,"5":0,"6":0,"7":0,"8":0,"9":0,"10":0,"11":0,"12":0,"13":0,"14":0,"15":0,"16":0,"17":0,"18":0,"19":0,"20":0,"21":0,"22":0,"23":0,"24":0,"25":0,"26":0,"27":0,"28":0,"29":0,"30":0,"31":0,"32":0,"33":0,"34":0,"35":0,"36":0,"37":0,"38":0,"39":0,"40":0,"41":0,"42":0,"43":0,"44":0,"45":0,"46":0,"47":0,"48":0,"49":0,"50":0,"51":0,"52":0,"53":0,"54":0,"55":0,"56":0,"57":0,"58":0,"59":0,"60":0,"61":0,"62":0,"63":0,"64":0,"65":0,"66":0,"67":0,"68":0,"69":0,"70":0,"71":0,"72":0,"73":0,"74":0,"75":0,"76":0,"77":0,"78":0,"79":0,"80":0,"81":0,"82":0,"83":0,"84":0,"85":0,"86":0,"87":0,"88":0,"89":0,"90":0,"91":0,"92":0,"93":0,"94":0,"95":0,"96":0,"97":0,"98":0,"99":0,"100":0,"101":0,"102":0,"103":0,"104":0,"105":0,"106":0,"107":0,"108":0},"f":{"0":6,"1":1,"2":0,"3":0,"4":0,"5":0,"6":0,"7":0,"8":0,"9":0,"10":0,"11":0,"12":0},"b":{"0":[1,0],"1":[1,1],"2":[0,0],"3":[0,0],"4":[0,0],"5":[0,0,0],"6":[0],"7":[0,0],"8":[0,0,0],"9":[0,0],"10":[0,0],"11":[0,0],"12":[0,0],"13":[0,0,0],"14":[0,0],"15":[0,0],"16":[0,0],"17":[0,0],"18":[0,0],"19":[0,0],"20":[0,0,0],"21":[0,0],"22":[0,0]},"_coverageSchema":"1a1c01bbd47fc00a2c39e90264f33305004495a9","hash":"674fd769492e3dd05b73e8c9af361edec156929b"}
}
