TN:
SF:seat_planner_oop/Booking.js
FN:2,(anonymous_0)
FNF:1
FNH:1
FNDA:11,(anonymous_0)
DA:3,11
DA:4,11
DA:5,11
DA:6,11
LF:4
LH:4
BRDA:2,0,0,0
BRDA:2,1,0,11
BRF:2
BRH:1
end_of_record
TN:
SF:seat_planner_oop/Seat.js
FN:2,(anonymous_0)
FN:12,(anonymous_1)
FN:19,(anonymous_2)
FN:29,(anonymous_3)
FNF:4
FNH:4
FNDA:357,(anonymous_0)
FNDA:8,(anonymous_1)
FNDA:7,(anonymous_2)
FNDA:3,(anonymous_3)
DA:3,357
DA:4,357
DA:5,357
DA:6,357
DA:7,357
DA:8,357
DA:9,357
DA:13,8
DA:14,8
DA:15,8
DA:20,7
DA:21,6
DA:23,1
DA:30,3
DA:31,3
LF:15
LH:15
BRDA:2,0,0,1
BRDA:13,1,0,8
BRDA:13,1,1,0
BRDA:20,2,0,6
BRDA:20,2,1,1
BRF:5
BRH:4
end_of_record
TN:
SF:seat_planner_oop/Seat_Helper.js
FN:5,(anonymous_0)
FN:12,(anonymous_1)
FN:38,(anonymous_2)
FN:42,(anonymous_3)
FN:60,(anonymous_4)
FN:100,(anonymous_5)
FN:104,(anonymous_6)
FN:108,(anonymous_7)
FN:112,(anonymous_8)
FN:113,(anonymous_9)
FN:116,(anonymous_10)
FN:117,(anonymous_11)
FN:120,(anonymous_12)
FN:122,(anonymous_13)
FN:123,(anonymous_14)
FN:126,(anonymous_15)
FN:128,(anonymous_16)
FN:132,(anonymous_17)
FN:133,(anonymous_18)
FN:136,(anonymous_19)
FN:137,(anonymous_20)
FN:140,(anonymous_21)
FN:141,(anonymous_22)
FN:144,(anonymous_23)
FN:145,(anonymous_24)
FN:148,(anonymous_25)
FN:152,(anonymous_26)
FN:156,(anonymous_27)
FN:178,(anonymous_28)
FN:200,(anonymous_29)
FN:218,(anonymous_30)
FN:234,(anonymous_31)
FN:245,(anonymous_32)
FNF:33
FNH:16
FNDA:9,(anonymous_0)
FNDA:5,(anonymous_1)
FNDA:0,(anonymous_2)
FNDA:1,(anonymous_3)
FNDA:1,(anonymous_4)
FNDA:7,(anonymous_5)
FNDA:7,(anonymous_6)
FNDA:0,(anonymous_7)
FNDA:0,(anonymous_8)
FNDA:0,(anonymous_9)
FNDA:2,(anonymous_10)
FNDA:6,(anonymous_11)
FNDA:0,(anonymous_12)
FNDA:0,(anonymous_13)
FNDA:0,(anonymous_14)
FNDA:0,(anonymous_15)
FNDA:0,(anonymous_16)
FNDA:0,(anonymous_17)
FNDA:0,(anonymous_18)
FNDA:0,(anonymous_19)
FNDA:0,(anonymous_20)
FNDA:1,(anonymous_21)
FNDA:70,(anonymous_22)
FNDA:0,(anonymous_23)
FNDA:0,(anonymous_24)
FNDA:1,(anonymous_25)
FNDA:1,(anonymous_26)
FNDA:0,(anonymous_27)
FNDA:0,(anonymous_28)
FNDA:1,(anonymous_29)
FNDA:1,(anonymous_30)
FNDA:1,(anonymous_31)
FNDA:1,(anonymous_32)
DA:6,9
DA:7,9
DA:8,9
DA:9,9
DA:13,5
DA:15,5
DA:16,35
DA:17,35
DA:19,35
DA:20,350
DA:21,350
DA:23,350
DA:24,50
DA:25,50
DA:28,350
DA:29,350
DA:32,35
DA:35,5
DA:39,0
DA:43,1
DA:44,1
DA:45,1
DA:47,1
DA:48,5
DA:49,5
DA:50,5
DA:52,5
DA:53,5
DA:54,5
DA:57,1
DA:61,1
DA:62,1
DA:63,1
DA:65,1
DA:66,1
DA:68,1
DA:69,7
DA:71,7
DA:72,7
DA:73,7
DA:74,7
DA:76,7
DA:79,7
DA:80,4
DA:81,1
DA:82,3
DA:83,0
DA:85,7
DA:87,7
DA:89,7
DA:91,7
DA:93,7
DA:94,7
DA:97,1
DA:101,7
DA:105,7
DA:109,0
DA:113,0
DA:117,6
DA:121,0
DA:122,0
DA:123,0
DA:127,0
DA:128,0
DA:129,0
DA:133,0
DA:137,0
DA:141,70
DA:145,0
DA:149,1
DA:153,1
DA:157,0
DA:158,0
DA:159,0
DA:160,0
DA:161,0
DA:162,0
DA:163,0
DA:164,0
DA:171,0
DA:175,0
DA:179,0
DA:180,0
DA:181,0
DA:182,0
DA:183,0
DA:184,0
DA:185,0
DA:186,0
DA:193,0
DA:197,0
DA:201,1
DA:202,1
DA:203,7
DA:204,7
DA:205,70
DA:206,69
DA:207,69
DA:208,10
DA:211,1
DA:215,1
DA:219,1
DA:220,1
DA:222,1
DA:223,1
DA:224,1
DA:228,1
DA:231,1
DA:235,1
DA:236,7
DA:237,70
DA:238,2
DA:242,1
DA:246,1
DA:247,1
DA:249,1
DA:250,7
DA:251,70
DA:252,70
DA:256,1
DA:257,0
DA:258,0
DA:261,1
DA:262,1
DA:264,1
DA:265,6
DA:266,6
DA:267,6
LF:128
LH:93
BRDA:23,0,0,50
BRDA:23,0,1,300
BRDA:25,1,0,15
BRDA:25,1,1,35
BRDA:42,2,0,0
BRDA:52,3,0,5
BRDA:52,3,1,0
BRDA:52,4,0,5
BRDA:52,4,1,5
BRDA:72,5,0,7
BRDA:72,5,1,0
BRDA:73,6,0,4
BRDA:73,6,1,3
BRDA:79,7,0,3
BRDA:79,7,1,4
BRDA:80,8,0,1
BRDA:80,8,1,3
BRDA:82,9,0,3
BRDA:82,9,1,0
BRDA:85,10,0,0
BRDA:85,10,1,7
BRDA:93,11,0,3
BRDA:93,11,1,4
BRDA:94,12,0,1
BRDA:94,12,1,6
BRDA:160,13,0,0
BRDA:160,13,1,0
BRDA:160,14,0,0
BRDA:160,14,1,0
BRDA:162,15,0,0
BRDA:162,15,1,0
BRDA:178,16,0,0
BRDA:182,17,0,0
BRDA:182,17,1,0
BRDA:182,18,0,0
BRDA:182,18,1,0
BRDA:184,19,0,0
BRDA:184,19,1,0
BRDA:205,20,0,69
BRDA:205,20,1,1
BRDA:205,21,0,70
BRDA:205,21,1,69
BRDA:207,22,0,10
BRDA:207,22,1,59
BRDA:222,23,0,1
BRDA:222,23,1,0
BRDA:222,24,0,1
BRDA:222,24,1,1
BRDA:237,25,0,2
BRDA:237,25,1,68
BRDA:251,26,0,1
BRDA:251,26,1,69
BRDA:252,27,0,1
BRDA:252,27,1,69
BRDA:256,28,0,0
BRDA:256,28,1,1
BRDA:256,29,0,1
BRDA:256,29,1,1
BRF:58
BRH:38
end_of_record
TN:
SF:seat_planner_oop/Seat_Planner.js
FN:4,(anonymous_0)
FN:15,(anonymous_1)
FN:23,(anonymous_2)
FN:42,(anonymous_3)
FN:66,(anonymous_4)
FN:93,(anonymous_5)
FN:117,(anonymous_6)
FN:145,(anonymous_7)
FN:248,(anonymous_8)
FN:261,(anonymous_9)
FN:265,(anonymous_10)
FN:269,(anonymous_11)
FN:273,(anonymous_12)
FNF:13
FNH:2
FNDA:6,(anonymous_0)
FNDA:1,(anonymous_1)
FNDA:0,(anonymous_2)
FNDA:0,(anonymous_3)
FNDA:0,(anonymous_4)
FNDA:0,(anonymous_5)
FNDA:0,(anonymous_6)
FNDA:0,(anonymous_7)
FNDA:0,(anonymous_8)
FNDA:0,(anonymous_9)
FNDA:0,(anonymous_10)
FNDA:0,(anonymous_11)
FNDA:0,(anonymous_12)
DA:5,6
DA:6,6
DA:12,6
DA:16,1
DA:17,1
DA:19,0
DA:24,0
DA:25,0
DA:26,0
DA:28,0
DA:30,0
DA:31,0
DA:33,0
DA:35,0
DA:36,0
DA:37,0
DA:43,0
DA:44,0
DA:45,0
DA:46,0
DA:47,0
DA:48,0
DA:53,0
DA:54,0
DA:56,0
DA:59,0
DA:62,0
DA:70,0
DA:71,0
DA:72,0
DA:73,0
DA:74,0
DA:75,0
DA:80,0
DA:81,0
DA:83,0
DA:86,0
DA:89,0
DA:94,0
DA:96,0
DA:97,0
DA:98,0
DA:99,0
DA:106,0
DA:109,0
DA:113,0
DA:122,0
DA:125,0
DA:126,0
DA:128,0
DA:129,0
DA:131,0
DA:132,0
DA:133,0
DA:138,0
DA:146,0
DA:148,0
DA:150,0
DA:151,0
DA:152,0
DA:159,0
DA:162,0
DA:166,0
DA:173,0
DA:178,0
DA:179,0
DA:180,0
DA:181,0
DA:182,0
DA:183,0
DA:184,0
DA:186,0
DA:191,0
DA:192,0
DA:194,0
DA:201,0
DA:208,0
DA:209,0
DA:211,0
DA:214,0
DA:218,0
DA:219,0
DA:222,0
DA:223,0
DA:224,0
DA:225,0
DA:226,0
DA:231,0
DA:234,0
DA:236,0
DA:239,0
DA:242,0
DA:243,0
DA:249,0
DA:252,0
DA:253,0
DA:255,0
DA:256,0
DA:258,0
DA:262,0
DA:266,0
DA:270,0
DA:274,0
LF:103
LH:5
BRDA:16,0,0,1
BRDA:16,0,1,0
BRDA:16,1,0,1
BRDA:16,1,1,1
BRDA:35,2,0,0
BRDA:35,2,1,0
BRDA:35,3,0,0
BRDA:35,3,1,0
BRDA:48,4,0,0
BRDA:48,4,1,0
BRDA:49,5,0,0
BRDA:49,5,1,0
BRDA:49,5,2,0
BRDA:68,6,0,0
BRDA:75,7,0,0
BRDA:75,7,1,0
BRDA:76,8,0,0
BRDA:76,8,1,0
BRDA:76,8,2,0
BRDA:94,9,0,0
BRDA:94,9,1,0
BRDA:98,10,0,0
BRDA:98,10,1,0
BRDA:125,11,0,0
BRDA:125,11,1,0
BRDA:133,12,0,0
BRDA:133,12,1,0
BRDA:134,13,0,0
BRDA:134,13,1,0
BRDA:134,13,2,0
BRDA:146,14,0,0
BRDA:146,14,1,0
BRDA:151,15,0,0
BRDA:151,15,1,0
BRDA:184,16,0,0
BRDA:184,16,1,0
BRDA:191,17,0,0
BRDA:191,17,1,0
BRDA:208,18,0,0
BRDA:208,18,1,0
BRDA:226,19,0,0
BRDA:226,19,1,0
BRDA:227,20,0,0
BRDA:227,20,1,0
BRDA:227,20,2,0
BRDA:249,21,0,0
BRDA:249,21,1,0
BRDA:255,22,0,0
BRDA:255,22,1,0
BRF:49
BRH:3
end_of_record
